<?xml version="1.0" encoding="UTF-8"?>
<!-- Generated by org.testng.reporters.JUnitXMLReporter -->
<testsuite hostname="BLR-P7109760LP" failures="0" tests="2" name="Default test" time="0.027" errors="0" timestamp="17 Jan 2023 05:07:57 GMT">
  <testcase classname="TestVagrant.CodingAssignment.RCBUpcomingteamDetailsTest" name="validateForeignPlayersCountTest" time="0.013"/>
  <testcase classname="TestVagrant.CodingAssignment.RCBUpcomingteamDetailsTest" name="validateWicketKeeperAvailableTest" time="0.002"/>
</testsuite> <!-- Default test -->
