<?xml version="1.0" encoding="UTF-8"?>
<!-- Generated by org.testng.reporters.JUnitXMLReporter -->
<testsuite hostname="BLR-P7109760LP" failures="0" tests="2" name="Test" time="0.022" errors="0" timestamp="17 Jan 2023 06:07:36 GMT">
  <testcase classname="TestVagrant.CodingAssignment.RCBUpcomingteamDetailsTest" name="validateForeignPlayersCountTest" time="0.012"/>
  <testcase classname="TestVagrant.CodingAssignment.RCBUpcomingteamDetailsTest" name="validateWicketKeeperAvailableTest" time="0.001"/>
</testsuite> <!-- Test -->
